This is pdfTeX, Version 3.141592653-2.6-1.40.26 (MiKTeX 24.4) (preloaded format=pdflatex 2024.10.14)  25 JUN 2025 09:04
entering extended mode
 restricted \write18 enabled.
 %&-line parsing enabled.
**./Modelling_write_up.tex
(Modelling_write_up.tex
LaTeX2e <2024-06-01> patch level 2
L3 programming layer <2024-08-30>
(C:\Users\Nick\AppData\Local\Programs\MiKTeX\tex/latex/base\article.cls
Document Class: article 2024/02/08 v1.4n Standard LaTeX document class
(C:\Users\Nick\AppData\Local\Programs\MiKTeX\tex/latex/base\size12.clo
File: size12.clo 2024/02/08 v1.4n Standard LaTeX file (size option)
)
\c@part=\count194
\c@section=\count195
\c@subsection=\count196
\c@subsubsection=\count197
\c@paragraph=\count198
\c@subparagraph=\count199
\c@figure=\count266
\c@table=\count267
\abovecaptionskip=\skip49
\belowcaptionskip=\skip50
\bibindent=\dimen141
)
(C:\Users\Nick\AppData\Local\Programs\MiKTeX\tex/latex/graphics\graphicx.sty
Package: graphicx 2021/09/16 v1.2d Enhanced LaTeX Graphics (DPC,SPQR)

(C:\Users\Nick\AppData\Local\Programs\MiKTeX\tex/latex/graphics\keyval.sty
Package: keyval 2022/05/29 v1.15 key=value parser (DPC)
\KV@toks@=\toks17
)
(C:\Users\Nick\AppData\Local\Programs\MiKTeX\tex/latex/graphics\graphics.sty
Package: graphics 2024/05/23 v1.4g Standard LaTeX Graphics (DPC,SPQR)

(C:\Users\Nick\AppData\Local\Programs\MiKTeX\tex/latex/graphics\trig.sty
Package: trig 2023/12/02 v1.11 sin cos tan (DPC)
)
(C:\Users\Nick\AppData\Local\Programs\MiKTeX\tex/latex/graphics-cfg\graphics.cf
g
File: graphics.cfg 2016/06/04 v1.11 sample graphics configuration
)
Package graphics Info: Driver file: pdftex.def on input line 106.

(C:\Users\Nick\AppData\Local\Programs\MiKTeX\tex/latex/graphics-def\pdftex.def
File: pdftex.def 2024/04/13 v1.2c Graphics/color driver for pdftex
))
\Gin@req@height=\dimen142
\Gin@req@width=\dimen143
) (C:\Users\Nick\AppData\Local\Programs\MiKTeX\tex/latex/hyperref\hyperref.sty
Package: hyperref 2024-07-10 v7.01j Hypertext links for LaTeX
(C:\Users\Nick\AppData\Local\Programs\MiKTeX\tex/generic/iftex\iftex.sty
Package: iftex 2022/02/03 v1.0f TeX engine tests
)
(C:\Users\Nick\AppData\Local\Programs\MiKTeX\tex/latex/kvsetkeys\kvsetkeys.sty
Package: kvsetkeys 2022-10-05 v1.19 Key value parser (HO)
)
(C:\Users\Nick\AppData\Local\Programs\MiKTeX\tex/generic/kvdefinekeys\kvdefinek
eys.sty
Package: kvdefinekeys 2019-12-19 v1.6 Define keys (HO)
)
(C:\Users\Nick\AppData\Local\Programs\MiKTeX\tex/generic/pdfescape\pdfescape.st
y
Package: pdfescape 2019/12/09 v1.15 Implements pdfTeX's escape features (HO)
 (C:\Users\Nick\AppData\Local\Programs\MiKTeX\tex/generic/ltxcmds\ltxcmds.sty
Package: ltxcmds 2023-12-04 v1.26 LaTeX kernel commands for general use (HO)
)
(C:\Users\Nick\AppData\Local\Programs\MiKTeX\tex/generic/pdftexcmds\pdftexcmds.
sty
Package: pdftexcmds 2020-06-27 v0.33 Utility functions of pdfTeX for LuaTeX (HO
)

(C:\Users\Nick\AppData\Local\Programs\MiKTeX\tex/generic/infwarerr\infwarerr.st
y
Package: infwarerr 2019/12/03 v1.5 Providing info/warning/error messages (HO)
)
Package pdftexcmds Info: \pdf@primitive is available.
Package pdftexcmds Info: \pdf@ifprimitive is available.
Package pdftexcmds Info: \pdfdraftmode found.
)) (C:\Users\Nick\AppData\Local\Programs\MiKTeX\tex/latex/hycolor\hycolor.sty
Package: hycolor 2020-01-27 v1.10 Color options for hyperref/bookmark (HO)
) (C:\Users\Nick\AppData\Local\Programs\MiKTeX\tex/latex/hyperref\nameref.sty
Package: nameref 2023-11-26 v2.56 Cross-referencing by name of section

(C:\Users\Nick\AppData\Local\Programs\MiKTeX\tex/latex/refcount\refcount.sty
Package: refcount 2019/12/15 v3.6 Data extraction from label references (HO)
)
(C:\Users\Nick\AppData\Local\Programs\MiKTeX\tex/generic/gettitlestring\gettitl
estring.sty
Package: gettitlestring 2019/12/15 v1.6 Cleanup title references (HO)

(C:\Users\Nick\AppData\Local\Programs\MiKTeX\tex/latex/kvoptions\kvoptions.sty
Package: kvoptions 2022-06-15 v3.15 Key value format for package options (HO)
))
\c@section@level=\count268
) (C:\Users\Nick\AppData\Local\Programs\MiKTeX\tex/latex/etoolbox\etoolbox.sty
Package: etoolbox 2020/10/05 v2.5k e-TeX tools for LaTeX (JAW)
\etb@tempcnta=\count269
)
(C:\Users\Nick\AppData\Local\Programs\MiKTeX\tex/generic/stringenc\stringenc.st
y
Package: stringenc 2019/11/29 v1.12 Convert strings between diff. encodings (HO
)
)
\@linkdim=\dimen144
\Hy@linkcounter=\count270
\Hy@pagecounter=\count271
 (C:\Users\Nick\AppData\Local\Programs\MiKTeX\tex/latex/hyperref\pd1enc.def
File: pd1enc.def 2024-07-10 v7.01j Hyperref: PDFDocEncoding definition (HO)
Now handling font encoding PD1 ...
... no UTF-8 mapping file for font encoding PD1
)
(C:\Users\Nick\AppData\Local\Programs\MiKTeX\tex/generic/intcalc\intcalc.sty
Package: intcalc 2019/12/15 v1.3 Expandable calculations with integers (HO)
)
\Hy@SavedSpaceFactor=\count272

(C:\Users\Nick\AppData\Local\Programs\MiKTeX\tex/latex/hyperref\puenc.def
File: puenc.def 2024-07-10 v7.01j Hyperref: PDF Unicode definition (HO)
Now handling font encoding PU ...
... no UTF-8 mapping file for font encoding PU
)
Package hyperref Info: Hyper figures OFF on input line 4157.
Package hyperref Info: Link nesting OFF on input line 4162.
Package hyperref Info: Hyper index ON on input line 4165.
Package hyperref Info: Plain pages OFF on input line 4172.
Package hyperref Info: Backreferencing OFF on input line 4177.
Package hyperref Info: Implicit mode ON; LaTeX internals redefined.
Package hyperref Info: Bookmarks ON on input line 4424.
\c@Hy@tempcnt=\count273

(C:\Users\Nick\AppData\Local\Programs\MiKTeX\tex/latex/url\url.sty
\Urlmuskip=\muskip17
Package: url 2013/09/16  ver 3.4  Verb mode for urls, etc.
)
LaTeX Info: Redefining \url on input line 4763.
\XeTeXLinkMargin=\dimen145

(C:\Users\Nick\AppData\Local\Programs\MiKTeX\tex/generic/bitset\bitset.sty
Package: bitset 2019/12/09 v1.3 Handle bit-vector datatype (HO)

(C:\Users\Nick\AppData\Local\Programs\MiKTeX\tex/generic/bigintcalc\bigintcalc.
sty
Package: bigintcalc 2019/12/15 v1.5 Expandable calculations on big integers (HO
)
))
\Fld@menulength=\count274
\Field@Width=\dimen146
\Fld@charsize=\dimen147
Package hyperref Info: Hyper figures OFF on input line 6042.
Package hyperref Info: Link nesting OFF on input line 6047.
Package hyperref Info: Hyper index ON on input line 6050.
Package hyperref Info: backreferencing OFF on input line 6057.
Package hyperref Info: Link coloring OFF on input line 6062.
Package hyperref Info: Link coloring with OCG OFF on input line 6067.
Package hyperref Info: PDF/A mode OFF on input line 6072.

(C:\Users\Nick\AppData\Local\Programs\MiKTeX\tex/latex/base\atbegshi-ltx.sty
Package: atbegshi-ltx 2021/01/10 v1.0c Emulation of the original atbegshi
package with kernel methods
)
\Hy@abspage=\count275
\c@Item=\count276
\c@Hfootnote=\count277
)
Package hyperref Info: Driver (autodetected): hpdftex.

(C:\Users\Nick\AppData\Local\Programs\MiKTeX\tex/latex/hyperref\hpdftex.def
File: hpdftex.def 2024-07-10 v7.01j Hyperref driver for pdfTeX

(C:\Users\Nick\AppData\Local\Programs\MiKTeX\tex/latex/base\atveryend-ltx.sty
Package: atveryend-ltx 2020/08/19 v1.0a Emulation of the original atveryend pac
kage
with kernel methods
)
\Fld@listcount=\count278
\c@bookmark@seq@number=\count279

(C:\Users\Nick\AppData\Local\Programs\MiKTeX\tex/latex/rerunfilecheck\rerunfile
check.sty
Package: rerunfilecheck 2022-07-10 v1.10 Rerun checks for auxiliary files (HO)

(C:\Users\Nick\AppData\Local\Programs\MiKTeX\tex/generic/uniquecounter\uniqueco
unter.sty
Package: uniquecounter 2019/12/15 v1.4 Provide unlimited unique counter (HO)
)
Package uniquecounter Info: New unique counter `rerunfilecheck' on input line 2
85.
)
\Hy@SectionHShift=\skip51
)
(C:\Users\Nick\AppData\Local\Programs\MiKTeX\tex/latex/amsfonts\amssymb.sty
Package: amssymb 2013/01/14 v3.01 AMS font symbols

(C:\Users\Nick\AppData\Local\Programs\MiKTeX\tex/latex/amsfonts\amsfonts.sty
Package: amsfonts 2013/01/14 v3.01 Basic AMSFonts support
\@emptytoks=\toks18
\symAMSa=\mathgroup4
\symAMSb=\mathgroup5
LaTeX Font Info:    Redeclaring math symbol \hbar on input line 98.
LaTeX Font Info:    Overwriting math alphabet `\mathfrak' in version `bold'
(Font)                  U/euf/m/n --> U/euf/b/n on input line 106.
))
(C:\Users\Nick\AppData\Local\Programs\MiKTeX\tex/latex/amsmath\amsmath.sty
Package: amsmath 2024/05/23 v2.17q AMS math features
\@mathmargin=\skip52

For additional information on amsmath, use the `?' option.
(C:\Users\Nick\AppData\Local\Programs\MiKTeX\tex/latex/amsmath\amstext.sty
Package: amstext 2021/08/26 v2.01 AMS text

(C:\Users\Nick\AppData\Local\Programs\MiKTeX\tex/latex/amsmath\amsgen.sty
File: amsgen.sty 1999/11/30 v2.0 generic functions
\@emptytoks=\toks19
\ex@=\dimen148
))
(C:\Users\Nick\AppData\Local\Programs\MiKTeX\tex/latex/amsmath\amsbsy.sty
Package: amsbsy 1999/11/29 v1.2d Bold Symbols
\pmbraise@=\dimen149
)
(C:\Users\Nick\AppData\Local\Programs\MiKTeX\tex/latex/amsmath\amsopn.sty
Package: amsopn 2022/04/08 v2.04 operator names
)
\inf@bad=\count280
LaTeX Info: Redefining \frac on input line 233.
\uproot@=\count281
\leftroot@=\count282
LaTeX Info: Redefining \overline on input line 398.
LaTeX Info: Redefining \colon on input line 409.
\classnum@=\count283
\DOTSCASE@=\count284
LaTeX Info: Redefining \ldots on input line 495.
LaTeX Info: Redefining \dots on input line 498.
LaTeX Info: Redefining \cdots on input line 619.
\Mathstrutbox@=\box52
\strutbox@=\box53
LaTeX Info: Redefining \big on input line 721.
LaTeX Info: Redefining \Big on input line 722.
LaTeX Info: Redefining \bigg on input line 723.
LaTeX Info: Redefining \Bigg on input line 724.
\big@size=\dimen150
LaTeX Font Info:    Redeclaring font encoding OML on input line 742.
LaTeX Font Info:    Redeclaring font encoding OMS on input line 743.
\macc@depth=\count285
LaTeX Info: Redefining \bmod on input line 904.
LaTeX Info: Redefining \pmod on input line 909.
LaTeX Info: Redefining \smash on input line 939.
LaTeX Info: Redefining \relbar on input line 969.
LaTeX Info: Redefining \Relbar on input line 970.
\c@MaxMatrixCols=\count286
\dotsspace@=\muskip18
\c@parentequation=\count287
\dspbrk@lvl=\count288
\tag@help=\toks20
\row@=\count289
\column@=\count290
\maxfields@=\count291
\andhelp@=\toks21
\eqnshift@=\dimen151
\alignsep@=\dimen152
\tagshift@=\dimen153
\tagwidth@=\dimen154
\totwidth@=\dimen155
\lineht@=\dimen156
\@envbody=\toks22
\multlinegap=\skip53
\multlinetaggap=\skip54
\mathdisplay@stack=\toks23
LaTeX Info: Redefining \[ on input line 2953.
LaTeX Info: Redefining \] on input line 2954.
)
(C:\Users\Nick\AppData\Local\Programs\MiKTeX\tex/latex/amscls\amsthm.sty
Package: amsthm 2020/05/29 v2.20.6
\thm@style=\toks24
\thm@bodyfont=\toks25
\thm@headfont=\toks26
\thm@notefont=\toks27
\thm@headpunct=\toks28
\thm@preskip=\skip55
\thm@postskip=\skip56
\thm@headsep=\skip57
\dth@everypar=\toks29
)
(C:\Users\Nick\AppData\Local\Programs\MiKTeX\tex/latex/algorithms\algorithm.sty
Package: algorithm 2009/08/24 v0.1 Document Style `algorithm' - floating enviro
nment
(C:\Users\Nick\AppData\Local\Programs\MiKTeX\tex/latex/float\float.sty
Package: float 2001/11/08 v1.3d Float enhancements (AL)
\c@float@type=\count292
\float@exts=\toks30
\float@box=\box54
\@float@everytoks=\toks31
\@floatcapt=\box55
)
(C:\Users\Nick\AppData\Local\Programs\MiKTeX\tex/latex/base\ifthen.sty
Package: ifthen 2024/03/16 v1.1e Standard LaTeX ifthen package (DPC)
)
\@float@every@algorithm=\toks32
\c@algorithm=\count293
)
(C:\Users\Nick\AppData\Local\Programs\MiKTeX\tex/latex/algorithms\algorithmic.s
ty
Package: algorithmic 2009/08/24 v0.1 Document Style `algorithmic'
\c@ALC@unique=\count294
\c@ALC@line=\count295
\c@ALC@rem=\count296
\c@ALC@depth=\count297
\ALC@tlm=\skip58
\algorithmicindent=\skip59
) (C:\Users\Nick\AppData\Local\Programs\MiKTeX\tex/latex/caption\caption.sty
Package: caption 2023/08/05 v3.6o Customizing captions (AR)

(C:\Users\Nick\AppData\Local\Programs\MiKTeX\tex/latex/caption\caption3.sty
Package: caption3 2023/07/31 v2.4d caption3 kernel (AR)
\caption@tempdima=\dimen157
\captionmargin=\dimen158
\caption@leftmargin=\dimen159
\caption@rightmargin=\dimen160
\caption@width=\dimen161
\caption@indent=\dimen162
\caption@parindent=\dimen163
\caption@hangindent=\dimen164
Package caption Info: Standard document class detected.
)
\c@caption@flags=\count298
\c@continuedfloat=\count299
Package caption Info: float package is loaded.
Package caption Info: hyperref package is loaded.
)
(C:\Users\Nick\AppData\Local\Programs\MiKTeX\tex/latex/caption\subcaption.sty
Package: subcaption 2023/07/28 v1.6b Sub-captions (AR)
Package caption Info: New subtype `subfigure' on input line 238.
\c@subfigure=\count300
Package caption Info: New subtype `subtable' on input line 238.
\c@subtable=\count301
)
(C:\Users\Nick\AppData\Local\Programs\MiKTeX\tex/latex/titlesec\titlesec.sty
Package: titlesec 2023/10/27 v2.16 Sectioning titles
\ttl@box=\box56
\beforetitleunit=\skip60
\aftertitleunit=\skip61
\ttl@plus=\dimen165
\ttl@minus=\dimen166
\ttl@toksa=\toks33
\titlewidth=\dimen167
\titlewidthlast=\dimen168
\titlewidthfirst=\dimen169
)
(C:\Users\Nick\AppData\Local\Programs\MiKTeX\tex/latex/titlesec\titletoc.sty
Package: titletoc 2023/10/27 v2.16 TOC entries
\ttl@leftsep=\dimen170
)
(C:\Users\Nick\AppData\Local\Programs\MiKTeX\tex/latex/tocloft\tocloft.sty
Package: tocloft 2017/08/31 v2.3i parameterised ToC, etc., typesetting
Package tocloft Info: The document has section divisions on input line 51.
\cftparskip=\skip62
\cftbeforetoctitleskip=\skip63
\cftaftertoctitleskip=\skip64
\cftbeforepartskip=\skip65
\cftpartnumwidth=\skip66
\cftpartindent=\skip67
\cftbeforesecskip=\skip68
\cftsecindent=\skip69
\cftsecnumwidth=\skip70
\cftbeforesubsecskip=\skip71
\cftsubsecindent=\skip72
\cftsubsecnumwidth=\skip73
\cftbeforesubsubsecskip=\skip74
\cftsubsubsecindent=\skip75
\cftsubsubsecnumwidth=\skip76
\cftbeforeparaskip=\skip77
\cftparaindent=\skip78
\cftparanumwidth=\skip79
\cftbeforesubparaskip=\skip80
\cftsubparaindent=\skip81
\cftsubparanumwidth=\skip82
\cftbeforeloftitleskip=\skip83
\cftafterloftitleskip=\skip84
\cftbeforefigskip=\skip85
\cftfigindent=\skip86
\cftfignumwidth=\skip87
\c@lofdepth=\count302
\c@lotdepth=\count303
\cftbeforelottitleskip=\skip88
\cftafterlottitleskip=\skip89
\cftbeforetabskip=\skip90
\cfttabindent=\skip91
\cfttabnumwidth=\skip92
)
(C:\Users\Nick\AppData\Local\Programs\MiKTeX\tex/latex/xcolor\xcolor.sty
Package: xcolor 2023/11/15 v3.01 LaTeX color extensions (UK)

(C:\Users\Nick\AppData\Local\Programs\MiKTeX\tex/latex/graphics-cfg\color.cfg
File: color.cfg 2016/01/02 v1.6 sample color configuration
)
Package xcolor Info: Driver file: pdftex.def on input line 274.

(C:\Users\Nick\AppData\Local\Programs\MiKTeX\tex/latex/graphics\mathcolor.ltx)
Package xcolor Info: Model `cmy' substituted by `cmy0' on input line 1350.
Package xcolor Info: Model `hsb' substituted by `rgb' on input line 1354.
Package xcolor Info: Model `RGB' extended on input line 1366.
Package xcolor Info: Model `HTML' substituted by `rgb' on input line 1368.
Package xcolor Info: Model `Hsb' substituted by `hsb' on input line 1369.
Package xcolor Info: Model `tHsb' substituted by `hsb' on input line 1370.
Package xcolor Info: Model `HSB' substituted by `hsb' on input line 1371.
Package xcolor Info: Model `Gray' substituted by `gray' on input line 1372.
Package xcolor Info: Model `wave' substituted by `hsb' on input line 1373.
) (C:\Users\Nick\AppData\Local\Programs\MiKTeX\tex/latex/geometry\geometry.sty
Package: geometry 2020/01/02 v5.9 Page Geometry

(C:\Users\Nick\AppData\Local\Programs\MiKTeX\tex/generic/iftex\ifvtex.sty
Package: ifvtex 2019/10/25 v1.7 ifvtex legacy package. Use iftex instead.
)
\Gm@cnth=\count304
\Gm@cntv=\count305
\c@Gm@tempcnt=\count306
\Gm@bindingoffset=\dimen171
\Gm@wd@mp=\dimen172
\Gm@odd@mp=\dimen173
\Gm@even@mp=\dimen174
\Gm@layoutwidth=\dimen175
\Gm@layoutheight=\dimen176
\Gm@layouthoffset=\dimen177
\Gm@layoutvoffset=\dimen178
\Gm@dimlist=\toks34

(C:\Users\Nick\AppData\Local\Programs\MiKTeX\tex/latex/geometry\geometry.cfg))
(C:\Users\Nick\AppData\Local\Programs\MiKTeX\tex/latex/placeins\placeins.sty
Package: placeins 2005/04/18  v 2.2
)
(C:\Users\Nick\AppData\Local\Programs\MiKTeX\tex/latex/anyfontsize\anyfontsize.
sty
Package: anyfontsize 2007/11/22 anyfontsize.sty by pts
)
(C:\Users\Nick\AppData\Local\Programs\MiKTeX\tex/latex/biblatex\biblatex.sty
Package: biblatex 2024/03/21 v3.20 programmable bibliographies (PK/MW)

(C:\Users\Nick\AppData\Local\Programs\MiKTeX\tex/latex/logreq\logreq.sty
Package: logreq 2010/08/04 v1.0 xml request logger
\lrq@indent=\count307

(C:\Users\Nick\AppData\Local\Programs\MiKTeX\tex/latex/logreq\logreq.def
File: logreq.def 2010/08/04 v1.0 logreq spec v1.0
))
\c@tabx@nest=\count308
\c@listtotal=\count309
\c@listcount=\count310
\c@liststart=\count311
\c@liststop=\count312
\c@citecount=\count313
\c@citetotal=\count314
\c@multicitecount=\count315
\c@multicitetotal=\count316
\c@instcount=\count317
\c@maxnames=\count318
\c@minnames=\count319
\c@maxitems=\count320
\c@minitems=\count321
\c@citecounter=\count322
\c@maxcitecounter=\count323
\c@savedcitecounter=\count324
\c@uniquelist=\count325
\c@uniquename=\count326
\c@refsection=\count327
\c@refsegment=\count328
\c@maxextratitle=\count329
\c@maxextratitleyear=\count330
\c@maxextraname=\count331
\c@maxextradate=\count332
\c@maxextraalpha=\count333
\c@abbrvpenalty=\count334
\c@highnamepenalty=\count335
\c@lownamepenalty=\count336
\c@maxparens=\count337
\c@parenlevel=\count338
\blx@tempcnta=\count339
\blx@tempcntb=\count340
\blx@tempcntc=\count341
\c@blx@maxsection=\count342
\blx@maxsegment@0=\count343
\blx@notetype=\count344
\blx@parenlevel@text=\count345
\blx@parenlevel@foot=\count346
\blx@sectionciteorder@0=\count347
\blx@sectionciteorderinternal@0=\count348
\blx@entrysetcounter=\count349
\blx@biblioinstance=\count350
\labelnumberwidth=\skip93
\labelalphawidth=\skip94
\biblabelsep=\skip95
\bibitemsep=\skip96
\bibnamesep=\skip97
\bibinitsep=\skip98
\bibparsep=\skip99
\bibhang=\skip100
\blx@bcfin=\read2
\blx@bcfout=\write3
\blx@langwohyphens=\language79
\c@mincomprange=\count351
\c@maxcomprange=\count352
\c@mincompwidth=\count353
Package biblatex Info: Trying to load biblatex default data model...
Package biblatex Info: ... file 'blx-dm.def' found.

(C:\Users\Nick\AppData\Local\Programs\MiKTeX\tex/latex/biblatex\blx-dm.def
File: blx-dm.def 2024/03/21 v3.20 biblatex datamodel (PK/MW)
)
Package biblatex Info: Trying to load biblatex style data model...
Package biblatex Info: ... file 'authoryear.dbx' not found.
Package biblatex Info: Trying to load biblatex custom data model...
Package biblatex Info: ... file 'biblatex-dm.cfg' not found.
\c@afterword=\count354
\c@savedafterword=\count355
\c@annotator=\count356
\c@savedannotator=\count357
\c@author=\count358
\c@savedauthor=\count359
\c@bookauthor=\count360
\c@savedbookauthor=\count361
\c@commentator=\count362
\c@savedcommentator=\count363
\c@editor=\count364
\c@savededitor=\count365
\c@editora=\count366
\c@savededitora=\count367
\c@editorb=\count368
\c@savededitorb=\count369
\c@editorc=\count370
\c@savededitorc=\count371
\c@foreword=\count372
\c@savedforeword=\count373
\c@holder=\count374
\c@savedholder=\count375
\c@introduction=\count376
\c@savedintroduction=\count377
\c@namea=\count378
\c@savednamea=\count379
\c@nameb=\count380
\c@savednameb=\count381
\c@namec=\count382
\c@savednamec=\count383
\c@translator=\count384
\c@savedtranslator=\count385
\c@shortauthor=\count386
\c@savedshortauthor=\count387
\c@shorteditor=\count388
\c@savedshorteditor=\count389
\c@labelname=\count390
\c@savedlabelname=\count391
\c@institution=\count392
\c@savedinstitution=\count393
\c@lista=\count394
\c@savedlista=\count395
\c@listb=\count396
\c@savedlistb=\count397
\c@listc=\count398
\c@savedlistc=\count399
\c@listd=\count400
\c@savedlistd=\count401
\c@liste=\count402
\c@savedliste=\count403
\c@listf=\count404
\c@savedlistf=\count405
\c@location=\count406
\c@savedlocation=\count407
\c@organization=\count408
\c@savedorganization=\count409
\c@origlocation=\count410
\c@savedoriglocation=\count411
\c@origpublisher=\count412
\c@savedorigpublisher=\count413
\c@publisher=\count414
\c@savedpublisher=\count415
\c@language=\count416
\c@savedlanguage=\count417
\c@origlanguage=\count418
\c@savedoriglanguage=\count419
\c@pageref=\count420
\c@savedpageref=\count421
\shorthandwidth=\skip101
\shortjournalwidth=\skip102
\shortserieswidth=\skip103
\shorttitlewidth=\skip104
\shortauthorwidth=\skip105
\shorteditorwidth=\skip106
\locallabelnumberwidth=\skip107
\locallabelalphawidth=\skip108
\localshorthandwidth=\skip109
\localshortjournalwidth=\skip110
\localshortserieswidth=\skip111
\localshorttitlewidth=\skip112
\localshortauthorwidth=\skip113
\localshorteditorwidth=\skip114
Package biblatex Info: Trying to load compatibility code...
Package biblatex Info: ... file 'blx-compat.def' found.

(C:\Users\Nick\AppData\Local\Programs\MiKTeX\tex/latex/biblatex\blx-compat.def
File: blx-compat.def 2024/03/21 v3.20 biblatex compatibility (PK/MW)
)
Package biblatex Info: Trying to load generic definitions...
Package biblatex Info: ... file 'biblatex.def' found.
(C:\Users\Nick\AppData\Local\Programs\MiKTeX\tex/latex/biblatex\biblatex.def
File: biblatex.def 2024/03/21 v3.20 biblatex compatibility (PK/MW)
\c@textcitecount=\count422
\c@textcitetotal=\count423
\c@textcitemaxnames=\count424
\c@biburlbigbreakpenalty=\count425
\c@biburlbreakpenalty=\count426
\c@biburlnumpenalty=\count427
\c@biburlucpenalty=\count428
\c@biburllcpenalty=\count429
\biburlbigskip=\muskip19
\biburlnumskip=\muskip20
\biburlucskip=\muskip21
\biburllcskip=\muskip22
\c@smartand=\count430
)
Package biblatex Info: Trying to load bibliography style 'authoryear'...
Package biblatex Info: ... file 'authoryear.bbx' found.

(C:\Users\Nick\AppData\Local\Programs\MiKTeX\tex/latex/biblatex/bbx\authoryear.
bbx
File: authoryear.bbx 2024/03/21 v3.20 biblatex bibliography style (PK/MW)
Package biblatex Info: Trying to load bibliography style 'standard'...
Package biblatex Info: ... file 'standard.bbx' found.

(C:\Users\Nick\AppData\Local\Programs\MiKTeX\tex/latex/biblatex/bbx\standard.bb
x
File: standard.bbx 2024/03/21 v3.20 biblatex bibliography style (PK/MW)
\c@bbx:relatedcount=\count431
\c@bbx:relatedtotal=\count432
))
Package biblatex Info: Trying to load citation style 'authoryear'...
Package biblatex Info: ... file 'authoryear.cbx' found.

(C:\Users\Nick\AppData\Local\Programs\MiKTeX\tex/latex/biblatex/cbx\authoryear.
cbx
File: authoryear.cbx 2024/03/21 v3.20 biblatex citation style (PK/MW)
Package biblatex Info: Redefining '\cite'.
Package biblatex Info: Redefining '\parencite'.
Package biblatex Info: Redefining '\footcite'.
Package biblatex Info: Redefining '\footcitetext'.
Package biblatex Info: Redefining '\smartcite'.
Package biblatex Info: Redefining '\textcite'.
Package biblatex Info: Redefining '\textcites'.
)
Package biblatex Info: Trying to load configuration file...
Package biblatex Info: ... file 'biblatex.cfg' found.

(C:\Users\Nick\AppData\Local\Programs\MiKTeX\tex/latex/biblatex\biblatex.cfg
File: biblatex.cfg 
)
Package biblatex Info: Input encoding 'utf8' detected.
Package biblatex Info: Document encoding is UTF8 ....

(C:\Users\Nick\AppData\Local\Programs\MiKTeX\tex/latex/l3kernel\expl3.sty
Package: expl3 2024-08-30 L3 programming layer (loader) 

(C:\Users\Nick\AppData\Local\Programs\MiKTeX\tex/latex/l3backend\l3backend-pdft
ex.def
File: l3backend-pdftex.def 2024-05-08 L3 backend support: PDF output (pdfTeX)
\l__color_backend_stack_int=\count433
\l__pdf_internal_box=\box57
))
Package biblatex Info: ... and expl3
(biblatex)             2024-08-30 L3 programming layer (loader) 
(biblatex)             is new enough (at least 2020/04/06),
(biblatex)             setting 'casechanger=expl3'.

(C:\Users\Nick\AppData\Local\Programs\MiKTeX\tex/latex/biblatex\blx-case-expl3.
sty
(C:\Users\Nick\AppData\Local\Programs\MiKTeX\tex/latex/l3packages/xparse\xparse
.sty
Package: xparse 2024-08-16 L3 Experimental document command parser
)
Package: blx-case-expl3 2024/03/21 v3.20 expl3 case changing code for biblatex
))
\@quotelevel=\count434
\@quotereset=\count435
 (Modelling_write_up.aux)
\openout1 = `Modelling_write_up.aux'.

LaTeX Font Info:    Checking defaults for OML/cmm/m/it on input line 36.
LaTeX Font Info:    ... okay on input line 36.
LaTeX Font Info:    Checking defaults for OMS/cmsy/m/n on input line 36.
LaTeX Font Info:    ... okay on input line 36.
LaTeX Font Info:    Checking defaults for OT1/cmr/m/n on input line 36.
LaTeX Font Info:    ... okay on input line 36.
LaTeX Font Info:    Checking defaults for T1/cmr/m/n on input line 36.
LaTeX Font Info:    ... okay on input line 36.
LaTeX Font Info:    Checking defaults for TS1/cmr/m/n on input line 36.
LaTeX Font Info:    ... okay on input line 36.
LaTeX Font Info:    Checking defaults for OMX/cmex/m/n on input line 36.
LaTeX Font Info:    ... okay on input line 36.
LaTeX Font Info:    Checking defaults for U/cmr/m/n on input line 36.
LaTeX Font Info:    ... okay on input line 36.
LaTeX Font Info:    Checking defaults for PD1/pdf/m/n on input line 36.
LaTeX Font Info:    ... okay on input line 36.
LaTeX Font Info:    Checking defaults for PU/pdf/m/n on input line 36.
LaTeX Font Info:    ... okay on input line 36.

(C:\Users\Nick\AppData\Local\Programs\MiKTeX\tex/context/base/mkii\supp-pdf.mki
i
[Loading MPS to PDF converter (version 2006.09.02).]
\scratchcounter=\count436
\scratchdimen=\dimen179
\scratchbox=\box58
\nofMPsegments=\count437
\nofMParguments=\count438
\everyMPshowfont=\toks35
\MPscratchCnt=\count439
\MPscratchDim=\dimen180
\MPnumerator=\count440
\makeMPintoPDFobject=\count441
\everyMPtoPDFconversion=\toks36
)
(C:\Users\Nick\AppData\Local\Programs\MiKTeX\tex/latex/epstopdf-pkg\epstopdf-ba
se.sty
Package: epstopdf-base 2020-01-24 v2.11 Base part for package epstopdf
Package epstopdf-base Info: Redefining graphics rule for `.eps' on input line 4
85.

(C:\Users\Nick\AppData\Local\Programs\MiKTeX\tex/latex/00miktex\epstopdf-sys.cf
g
File: epstopdf-sys.cfg 2021/03/18 v2.0 Configuration of epstopdf for MiKTeX
))
Package hyperref Info: Link coloring OFF on input line 36.
 (Modelling_write_up.out) (Modelling_write_up.out)
\@outlinefile=\write4
\openout4 = `Modelling_write_up.out'.

Package caption Info: Begin \AtBeginDocument code.
Package caption Info: End \AtBeginDocument code.

*geometry* driver: auto-detecting
*geometry* detected driver: pdftex
*geometry* verbose mode - [ preamble ] result:
* driver: pdftex
* paper: a4paper
* layout: <same size as paper>
* layoutoffset:(h,v)=(0.0pt,0.0pt)
* modes: 
* h-part:(L,W,R)=(36.77519pt, 523.95749pt, 36.77519pt)
* v-part:(T,H,B)=(63.39273pt, 686.56499pt, 95.08913pt)
* \paperwidth=597.50787pt
* \paperheight=845.04684pt
* \textwidth=523.95749pt
* \textheight=686.56499pt
* \oddsidemargin=-35.4948pt
* \evensidemargin=-35.4948pt
* \topmargin=-45.87726pt
* \headheight=12.0pt
* \headsep=25.0pt
* \topskip=12.0pt
* \footskip=30.0pt
* \marginparwidth=44.0pt
* \marginparsep=10.0pt
* \columnsep=10.0pt
* \skip\footins=10.8pt plus 4.0pt minus 2.0pt
* \hoffset=0.0pt
* \voffset=0.0pt
* \mag=1000
* \@twocolumnfalse
* \@twosidefalse
* \@mparswitchfalse
* \@reversemarginfalse
* (1in=72.27pt=25.4mm, 1cm=28.453pt)

Package biblatex Info: Trying to load language 'english'...
Package biblatex Info: ... file 'english.lbx' found.

(C:\Users\Nick\AppData\Local\Programs\MiKTeX\tex/latex/biblatex/lbx\english.lbx
File: english.lbx 2024/03/21 v3.20 biblatex localization (PK/MW)
)
Package biblatex Info: Input encoding 'utf8' detected.
Package biblatex Info: Automatic encoding selection.
(biblatex)             Assuming data encoding 'utf8'.
\openout3 = `Modelling_write_up.bcf'.

Package biblatex Info: Trying to load bibliographic data...
Package biblatex Info: ... file 'Modelling_write_up.bbl' found.
 (Modelling_write_up.bbl)
Package biblatex Info: Reference section=0 on input line 36.
Package biblatex Info: Reference segment=0 on input line 36.
 (Modelling_write_up.toc
LaTeX Font Info:    Trying to load font information for U+msa on input line 1.

(C:\Users\Nick\AppData\Local\Programs\MiKTeX\tex/latex/amsfonts\umsa.fd
File: umsa.fd 2013/01/14 v3.01 AMS symbols A
)
LaTeX Font Info:    Trying to load font information for U+msb on input line 1.

(C:\Users\Nick\AppData\Local\Programs\MiKTeX\tex/latex/amsfonts\umsb.fd
File: umsb.fd 2013/01/14 v3.01 AMS symbols B
)

[1

{C:/Users/Nick/AppData/Local/MiKTeX/fonts/map/pdftex/pdftex.map}])
\tf@toc=\write5
\openout5 = `Modelling_write_up.toc'.



[2]
Underfull \hbox (badness 10000) in paragraph at lines 75--81

 []


Underfull \hbox (badness 10000) in paragraph at lines 75--81

 []


Underfull \hbox (badness 10000) in paragraph at lines 75--81

 []




pdfTeX warning (ext4): destination with the same identifier (name{page.1}) has 
been already used, duplicate ignored
<to be read again> 
                   \relax 
l.81 
      [1]


pdfTeX warning (ext4): destination with the same identifier (name{page.2}) has 
been already used, duplicate ignored
<to be read again> 
                   \relax 
l.111 \begin{align}
                    [2]
Underfull \hbox (badness 10000) in paragraph at lines 149--152

 []


Underfull \hbox (badness 10000) in paragraph at lines 154--156

 []



[3]
Underfull \hbox (badness 10000) in paragraph at lines 173--179

 []


Underfull \hbox (badness 10000) in paragraph at lines 173--179

 []


Underfull \hbox (badness 10000) in paragraph at lines 181--183

 []


Underfull \hbox (badness 10000) in paragraph at lines 185--189

 []


Underfull \hbox (badness 10000) in paragraph at lines 185--189

 []


Underfull \hbox (badness 10000) in paragraph at lines 191--194

 []



[4]
Underfull \hbox (badness 10000) in paragraph at lines 196--198

 []


Underfull \hbox (badness 10000) in paragraph at lines 200--205

 []


Underfull \hbox (badness 10000) in paragraph at lines 200--205

 []


Overfull \hbox (19.93892pt too wide) in paragraph at lines 206--206
|[]\OT1/cmr/bx/n/14.4 Contextual Rescorla-Wagner and Choice-Kernel Pre-Fitted (
cr-wck[]pre)| 
 []


Underfull \hbox (badness 10000) in paragraph at lines 207--210

 []


Overfull \hbox (17.07053pt too wide) in paragraph at lines 211--211
|[]\OT1/cmr/bx/n/14.4 Contextual Rescorla-Wagner and Choice-Kernel Ini-tialised
 (cr-wck[]init)| 
 []


Underfull \hbox (badness 10000) in paragraph at lines 216--220

 []



[5]
Underfull \hbox (badness 10000) in paragraph at lines 230--233

 []


Underfull \hbox (badness 10000) in paragraph at lines 235--238

 []


Underfull \hbox (badness 10000) in paragraph at lines 240--242

 []



[6]
<D:/Documents/Work/Helsinki_Internship/Code/perceptual_attention_learning/reinf
orcement_learning/plots/LL/negLL_BIC_plot.png, id=333, 621.0402pt x 445.9059pt>

File: D:/Documents/Work/Helsinki_Internship/Code/perceptual_attention_learning/
reinforcement_learning/plots/LL/negLL_BIC_plot.png Graphic file (type png)
<use D:/Documents/Work/Helsinki_Internship/Code/perceptual_attention_learning/r
einforcement_learning/plots/LL/negLL_BIC_plot.png>
Package pdftex.def Info: D:/Documents/Work/Helsinki_Internship/Code/perceptual_
attention_learning/reinforcement_learning/plots/LL/negLL_BIC_plot.png  used on 
input line 249.
(pdftex.def)             Requested size: 523.95749pt x 376.21857pt.


[7 <D:/Documents/Work/Helsinki_Internship/Code/perceptual_attention_learning/re
inforcement_learning/plots/LL/negLL_BIC_plot.png>]
Underfull \hbox (badness 10000) in paragraph at lines 258--261

 []

<D:/Documents/Work/Helsinki_Internship/Code/perceptual_attention_learning/reinf
orcement_learning/plots/param_comparison/rr_param_comparison.png, id=341, 1098.
504pt x 664.1613pt>
File: D:/Documents/Work/Helsinki_Internship/Code/perceptual_attention_learning/
reinforcement_learning/plots/param_comparison/rr_param_comparison.png Graphic f
ile (type png)
<use D:/Documents/Work/Helsinki_Internship/Code/perceptual_attention_learning/r
einforcement_learning/plots/param_comparison/rr_param_comparison.png>
Package pdftex.def Info: D:/Documents/Work/Helsinki_Internship/Code/perceptual_
attention_learning/reinforcement_learning/plots/param_comparison/rr_param_compa
rison.png  used on input line 267.
(pdftex.def)             Requested size: 384.48216pt x 232.45993pt.


[8 <D:/Documents/Work/Helsinki_Internship/Code/perceptual_attention_learning/re
inforcement_learning/plots/param_comparison/rr_param_comparison.png>]
<D:/Documents/Work/Helsinki_Internship/Code/perceptual_attention_learning/reinf
orcement_learning/plots/param_comparison/crr_param_comparison.png, id=348, 1098
.504pt x 664.1613pt>
File: D:/Documents/Work/Helsinki_Internship/Code/perceptual_attention_learning/
reinforcement_learning/plots/param_comparison/crr_param_comparison.png Graphic 
file (type png)
<use D:/Documents/Work/Helsinki_Internship/Code/perceptual_attention_learning/r
einforcement_learning/plots/param_comparison/crr_param_comparison.png>
Package pdftex.def Info: D:/Documents/Work/Helsinki_Internship/Code/perceptual_
attention_learning/reinforcement_learning/plots/param_comparison/crr_param_comp
arison.png  used on input line 278.
(pdftex.def)             Requested size: 384.48216pt x 232.45993pt.


[9

 <D:/Documents/Work/Helsinki_Internship/Code/perceptual_attention_learning/rein
forcement_learning/plots/param_comparison/crr_param_comparison.png>]
<D:/Documents/Work/Helsinki_Internship/Code/perceptual_attention_learning/reinf
orcement_learning/plots/param_comparison/wsls_param_comparison.png, id=355, 109
8.504pt x 664.1613pt>
File: D:/Documents/Work/Helsinki_Internship/Code/perceptual_attention_learning/
reinforcement_learning/plots/param_comparison/wsls_param_comparison.png Graphic
 file (type png)
<use D:/Documents/Work/Helsinki_Internship/Code/perceptual_attention_learning/r
einforcement_learning/plots/param_comparison/wsls_param_comparison.png>
Package pdftex.def Info: D:/Documents/Work/Helsinki_Internship/Code/perceptual_
attention_learning/reinforcement_learning/plots/param_comparison/wsls_param_com
parison.png  used on input line 288.
(pdftex.def)             Requested size: 384.48216pt x 232.45993pt.


[10

 <D:/Documents/Work/Helsinki_Internship/Code/perceptual_attention_learning/rein
forcement_learning/plots/param_comparison/wsls_param_comparison.png>]
<D:/Documents/Work/Helsinki_Internship/Code/perceptual_attention_learning/reinf
orcement_learning/plots/param_comparison/rw_param_comparison.png, id=362, 1098.
504pt x 664.4022pt>
File: D:/Documents/Work/Helsinki_Internship/Code/perceptual_attention_learning/
reinforcement_learning/plots/param_comparison/rw_param_comparison.png Graphic f
ile (type png)
<use D:/Documents/Work/Helsinki_Internship/Code/perceptual_attention_learning/r
einforcement_learning/plots/param_comparison/rw_param_comparison.png>
Package pdftex.def Info: D:/Documents/Work/Helsinki_Internship/Code/perceptual_
attention_learning/reinforcement_learning/plots/param_comparison/rw_param_compa
rison.png  used on input line 299.
(pdftex.def)             Requested size: 384.48216pt x 232.54425pt.


[11

 <D:/Documents/Work/Helsinki_Internship/Code/perceptual_attention_learning/rein
forcement_learning/plots/param_comparison/rw_param_comparison.png>]
<D:/Documents/Work/Helsinki_Internship/Code/perceptual_attention_learning/reinf
orcement_learning/plots/param_comparison/crw_param_comparison.png, id=370, 1098
.504pt x 664.4022pt>
File: D:/Documents/Work/Helsinki_Internship/Code/perceptual_attention_learning/
reinforcement_learning/plots/param_comparison/crw_param_comparison.png Graphic 
file (type png)
<use D:/Documents/Work/Helsinki_Internship/Code/perceptual_attention_learning/r
einforcement_learning/plots/param_comparison/crw_param_comparison.png>
Package pdftex.def Info: D:/Documents/Work/Helsinki_Internship/Code/perceptual_
attention_learning/reinforcement_learning/plots/param_comparison/crw_param_comp
arison.png  used on input line 309.
(pdftex.def)             Requested size: 384.48216pt x 232.54425pt.


[12

 <D:/Documents/Work/Helsinki_Internship/Code/perceptual_attention_learning/rein
forcement_learning/plots/param_comparison/crw_param_comparison.png>]
<D:/Documents/Work/Helsinki_Internship/Code/perceptual_attention_learning/reinf
orcement_learning/plots/param_comparison/ck_param_comparison.png, id=377, 1098.
504pt x 664.4022pt>
File: D:/Documents/Work/Helsinki_Internship/Code/perceptual_attention_learning/
reinforcement_learning/plots/param_comparison/ck_param_comparison.png Graphic f
ile (type png)
<use D:/Documents/Work/Helsinki_Internship/Code/perceptual_attention_learning/r
einforcement_learning/plots/param_comparison/ck_param_comparison.png>
Package pdftex.def Info: D:/Documents/Work/Helsinki_Internship/Code/perceptual_
attention_learning/reinforcement_learning/plots/param_comparison/ck_param_compa
rison.png  used on input line 320.
(pdftex.def)             Requested size: 384.48216pt x 232.54425pt.


[13

 <D:/Documents/Work/Helsinki_Internship/Code/perceptual_attention_learning/rein
forcement_learning/plots/param_comparison/ck_param_comparison.png>]
<D:/Documents/Work/Helsinki_Internship/Code/perceptual_attention_learning/reinf
orcement_learning/plots/param_comparison/crwck_param_comparison.png, id=384, 10
98.504pt x 664.4022pt>
File: D:/Documents/Work/Helsinki_Internship/Code/perceptual_attention_learning/
reinforcement_learning/plots/param_comparison/crwck_param_comparison.png Graphi
c file (type png)
<use D:/Documents/Work/Helsinki_Internship/Code/perceptual_attention_learning/r
einforcement_learning/plots/param_comparison/crwck_param_comparison.png>
Package pdftex.def Info: D:/Documents/Work/Helsinki_Internship/Code/perceptual_
attention_learning/reinforcement_learning/plots/param_comparison/crwck_param_co
mparison.png  used on input line 329.
(pdftex.def)             Requested size: 384.48216pt x 232.54425pt.
<D:/Documents/Work/Helsinki_Internship/Code/perceptual_attention_learning/reinf
orcement_learning/plots/correlation/correlation_matrices/crwck_correlation.png,
 id=385, 790.152pt x 723.4227pt>
File: D:/Documents/Work/Helsinki_Internship/Code/perceptual_attention_learning/
reinforcement_learning/plots/correlation/correlation_matrices/crwck_correlation
.png Graphic file (type png)
<use D:/Documents/Work/Helsinki_Internship/Code/perceptual_attention_learning/r
einforcement_learning/plots/correlation/correlation_matrices/crwck_correlation.
png>
Package pdftex.def Info: D:/Documents/Work/Helsinki_Internship/Code/perceptual_
attention_learning/reinforcement_learning/plots/correlation/correlation_matrice
s/crwck_correlation.png  used on input line 338.
(pdftex.def)             Requested size: 197.5375pt x 180.85522pt.


[14

 <D:/Documents/Work/Helsinki_Internship/Code/perceptual_attention_learning/rein
forcement_learning/plots/param_comparison/crwck_param_comparison.png> <D:/Docum
ents/Work/Helsinki_Internship/Code/perceptual_attention_learning/reinforcement_
learning/plots/correlation/correlation_matrices/crwck_correlation.png>]
<D:/Documents/Work/Helsinki_Internship/Code/perceptual_attention_learning/reinf
orcement_learning/plots/param_comparison/crwcknb_param_comparison.png, id=394, 
1098.504pt x 664.1613pt>
File: D:/Documents/Work/Helsinki_Internship/Code/perceptual_attention_learning/
reinforcement_learning/plots/param_comparison/crwcknb_param_comparison.png Grap
hic file (type png)
<use D:/Documents/Work/Helsinki_Internship/Code/perceptual_attention_learning/r
einforcement_learning/plots/param_comparison/crwcknb_param_comparison.png>
Package pdftex.def Info: D:/Documents/Work/Helsinki_Internship/Code/perceptual_
attention_learning/reinforcement_learning/plots/param_comparison/crwcknb_param_
comparison.png  used on input line 348.
(pdftex.def)             Requested size: 384.48216pt x 232.45993pt.


[15

 <D:/Documents/Work/Helsinki_Internship/Code/perceptual_attention_learning/rein
forcement_learning/plots/param_comparison/crwcknb_param_comparison.png>]
<D:/Documents/Work/Helsinki_Internship/Code/perceptual_attention_learning/reinf
orcement_learning/plots/param_comparison/crwck_all_param_comparison.png, id=401
, 1098.504pt x 664.4022pt>
File: D:/Documents/Work/Helsinki_Internship/Code/perceptual_attention_learning/
reinforcement_learning/plots/param_comparison/crwck_all_param_comparison.png Gr
aphic file (type png)
<use D:/Documents/Work/Helsinki_Internship/Code/perceptual_attention_learning/r
einforcement_learning/plots/param_comparison/crwck_all_param_comparison.png>
Package pdftex.def Info: D:/Documents/Work/Helsinki_Internship/Code/perceptual_
attention_learning/reinforcement_learning/plots/param_comparison/crwck_all_para
m_comparison.png  used on input line 359.
(pdftex.def)             Requested size: 384.48216pt x 232.54425pt.


[16

 <D:/Documents/Work/Helsinki_Internship/Code/perceptual_attention_learning/rein
forcement_learning/plots/param_comparison/crwck_all_param_comparison.png>]
<D:/Documents/Work/Helsinki_Internship/Code/perceptual_attention_learning/reinf
orcement_learning/plots/param_comparison/crwcksa_param_comparison.png, id=408, 
1098.504pt x 664.4022pt>
File: D:/Documents/Work/Helsinki_Internship/Code/perceptual_attention_learning/
reinforcement_learning/plots/param_comparison/crwcksa_param_comparison.png Grap
hic file (type png)
<use D:/Documents/Work/Helsinki_Internship/Code/perceptual_attention_learning/r
einforcement_learning/plots/param_comparison/crwcksa_param_comparison.png>
Package pdftex.def Info: D:/Documents/Work/Helsinki_Internship/Code/perceptual_
attention_learning/reinforcement_learning/plots/param_comparison/crwcksa_param_
comparison.png  used on input line 369.
(pdftex.def)             Requested size: 384.48216pt x 232.54425pt.
<D:/Documents/Work/Helsinki_Internship/Code/perceptual_attention_learning/reinf
orcement_learning/plots/correlation/correlation_matrices/crwcksa_correlation.pn
g, id=409, 790.152pt x 723.4227pt>
File: D:/Documents/Work/Helsinki_Internship/Code/perceptual_attention_learning/
reinforcement_learning/plots/correlation/correlation_matrices/crwcksa_correlati
on.png Graphic file (type png)
<use D:/Documents/Work/Helsinki_Internship/Code/perceptual_attention_learning/r
einforcement_learning/plots/correlation/correlation_matrices/crwcksa_correlatio
n.png>
Package pdftex.def Info: D:/Documents/Work/Helsinki_Internship/Code/perceptual_
attention_learning/reinforcement_learning/plots/correlation/correlation_matrice
s/crwcksa_correlation.png  used on input line 378.
(pdftex.def)             Requested size: 197.5375pt x 180.85522pt.


[17 <D:/Documents/Work/Helsinki_Internship/Code/perceptual_attention_learning/r
einforcement_learning/plots/param_comparison/crwcksa_param_comparison.png> <D:/
Documents/Work/Helsinki_Internship/Code/perceptual_attention_learning/reinforce
ment_learning/plots/correlation/correlation_matrices/crwcksa_correlation.png>]
<D:/Documents/Work/Helsinki_Internship/Code/perceptual_attention_learning/reinf
orcement_learning/plots/param_comparison/crwck_pre_param_comparison.png, id=419
, 1098.504pt x 664.4022pt>
File: D:/Documents/Work/Helsinki_Internship/Code/perceptual_attention_learning/
reinforcement_learning/plots/param_comparison/crwck_pre_param_comparison.png Gr
aphic file (type png)
<use D:/Documents/Work/Helsinki_Internship/Code/perceptual_attention_learning/r
einforcement_learning/plots/param_comparison/crwck_pre_param_comparison.png>
Package pdftex.def Info: D:/Documents/Work/Helsinki_Internship/Code/perceptual_
attention_learning/reinforcement_learning/plots/param_comparison/crwck_pre_para
m_comparison.png  used on input line 389.
(pdftex.def)             Requested size: 384.48216pt x 232.54425pt.
<D:/Documents/Work/Helsinki_Internship/Code/perceptual_attention_learning/reinf
orcement_learning/plots/correlation/correlation_matrices/crwck_pre_correlation.
png, id=420, 790.152pt x 723.4227pt>
File: D:/Documents/Work/Helsinki_Internship/Code/perceptual_attention_learning/
reinforcement_learning/plots/correlation/correlation_matrices/crwck_pre_correla
tion.png Graphic file (type png)
<use D:/Documents/Work/Helsinki_Internship/Code/perceptual_attention_learning/r
einforcement_learning/plots/correlation/correlation_matrices/crwck_pre_correlat
ion.png>
Package pdftex.def Info: D:/Documents/Work/Helsinki_Internship/Code/perceptual_
attention_learning/reinforcement_learning/plots/correlation/correlation_matrice
s/crwck_pre_correlation.png  used on input line 398.
(pdftex.def)             Requested size: 197.5375pt x 180.85522pt.


[18 <D:/Documents/Work/Helsinki_Internship/Code/perceptual_attention_learning/r
einforcement_learning/plots/param_comparison/crwck_pre_param_comparison.png> <D
:/Documents/Work/Helsinki_Internship/Code/perceptual_attention_learning/reinfor
cement_learning/plots/correlation/correlation_matrices/crwck_pre_correlation.pn
g>]
<D:/Documents/Work/Helsinki_Internship/Code/perceptual_attention_learning/reinf
orcement_learning/plots/param_comparison/crwck_init_param_comparison.png, id=42
9, 1098.2631pt x 664.4022pt>
File: D:/Documents/Work/Helsinki_Internship/Code/perceptual_attention_learning/
reinforcement_learning/plots/param_comparison/crwck_init_param_comparison.png G
raphic file (type png)
<use D:/Documents/Work/Helsinki_Internship/Code/perceptual_attention_learning/r
einforcement_learning/plots/param_comparison/crwck_init_param_comparison.png>
Package pdftex.def Info: D:/Documents/Work/Helsinki_Internship/Code/perceptual_
attention_learning/reinforcement_learning/plots/param_comparison/crwck_init_par
am_comparison.png  used on input line 408.
(pdftex.def)             Requested size: 384.39784pt x 232.54425pt.


[19 <D:/Documents/Work/Helsinki_Internship/Code/perceptual_attention_learning/r
einforcement_learning/plots/param_comparison/crwck_init_param_comparison.png>]
<D:/Documents/Work/Helsinki_Internship/Code/perceptual_attention_learning/reinf
orcement_learning/plots/param_comparison/crwck_plus_param_comparison.png, id=43
6, 1098.504pt x 664.4022pt>
File: D:/Documents/Work/Helsinki_Internship/Code/perceptual_attention_learning/
reinforcement_learning/plots/param_comparison/crwck_plus_param_comparison.png G
raphic file (type png)
<use D:/Documents/Work/Helsinki_Internship/Code/perceptual_attention_learning/r
einforcement_learning/plots/param_comparison/crwck_plus_param_comparison.png>
Package pdftex.def Info: D:/Documents/Work/Helsinki_Internship/Code/perceptual_
attention_learning/reinforcement_learning/plots/param_comparison/crwck_plus_par
am_comparison.png  used on input line 418.
(pdftex.def)             Requested size: 384.48216pt x 232.54425pt.
<D:/Documents/Work/Helsinki_Internship/Code/perceptual_attention_learning/reinf
orcement_learning/plots/correlation/correlation_matrices/crwck_plus_correlation
.png, id=437, 790.152pt x 723.4227pt>
File: D:/Documents/Work/Helsinki_Internship/Code/perceptual_attention_learning/
reinforcement_learning/plots/correlation/correlation_matrices/crwck_plus_correl
ation.png Graphic file (type png)
<use D:/Documents/Work/Helsinki_Internship/Code/perceptual_attention_learning/r
einforcement_learning/plots/correlation/correlation_matrices/crwck_plus_correla
tion.png>
Package pdftex.def Info: D:/Documents/Work/Helsinki_Internship/Code/perceptual_
attention_learning/reinforcement_learning/plots/correlation/correlation_matrice
s/crwck_plus_correlation.png  used on input line 427.
(pdftex.def)             Requested size: 197.5375pt x 180.85522pt.


[20 <D:/Documents/Work/Helsinki_Internship/Code/perceptual_attention_learning/r
einforcement_learning/plots/param_comparison/crwck_plus_param_comparison.png> <
D:/Documents/Work/Helsinki_Internship/Code/perceptual_attention_learning/reinfo
rcement_learning/plots/correlation/correlation_matrices/crwck_plus_correlation.
png>]
<D:/Documents/Work/Helsinki_Internship/Code/perceptual_attention_learning/reinf
orcement_learning/plots/param_comparison/crwcksa_plus_param_comparison.png, id=
446, 1098.504pt x 664.4022pt>
File: D:/Documents/Work/Helsinki_Internship/Code/perceptual_attention_learning/
reinforcement_learning/plots/param_comparison/crwcksa_plus_param_comparison.png
 Graphic file (type png)
<use D:/Documents/Work/Helsinki_Internship/Code/perceptual_attention_learning/r
einforcement_learning/plots/param_comparison/crwcksa_plus_param_comparison.png>

Package pdftex.def Info: D:/Documents/Work/Helsinki_Internship/Code/perceptual_
attention_learning/reinforcement_learning/plots/param_comparison/crwcksa_plus_p
aram_comparison.png  used on input line 437.
(pdftex.def)             Requested size: 384.48216pt x 232.54425pt.
<D:/Documents/Work/Helsinki_Internship/Code/perceptual_attention_learning/reinf
orcement_learning/plots/correlation/correlation_matrices/crwcksa_plus_correlati
on.png, id=447, 790.152pt x 723.4227pt>
File: D:/Documents/Work/Helsinki_Internship/Code/perceptual_attention_learning/
reinforcement_learning/plots/correlation/correlation_matrices/crwcksa_plus_corr
elation.png Graphic file (type png)
<use D:/Documents/Work/Helsinki_Internship/Code/perceptual_attention_learning/r
einforcement_learning/plots/correlation/correlation_matrices/crwcksa_plus_corre
lation.png>
Package pdftex.def Info: D:/Documents/Work/Helsinki_Internship/Code/perceptual_
attention_learning/reinforcement_learning/plots/correlation/correlation_matrice
s/crwcksa_plus_correlation.png  used on input line 445.
(pdftex.def)             Requested size: 197.5375pt x 180.85522pt.


[21 <D:/Documents/Work/Helsinki_Internship/Code/perceptual_attention_learning/r
einforcement_learning/plots/param_comparison/crwcksa_plus_param_comparison.png>
 <D:/Documents/Work/Helsinki_Internship/Code/perceptual_attention_learning/rein
forcement_learning/plots/correlation/correlation_matrices/crwcksa_plus_correlat
ion.png>]
<D:/Documents/Work/Helsinki_Internship/Code/perceptual_attention_learning/reinf
orcement_learning/plots/param_comparison/crwck_plus_pre_param_comparison.png, i
d=456, 1098.504pt x 664.4022pt>
File: D:/Documents/Work/Helsinki_Internship/Code/perceptual_attention_learning/
reinforcement_learning/plots/param_comparison/crwck_plus_pre_param_comparison.p
ng Graphic file (type png)
<use D:/Documents/Work/Helsinki_Internship/Code/perceptual_attention_learning/r
einforcement_learning/plots/param_comparison/crwck_plus_pre_param_comparison.pn
g>
Package pdftex.def Info: D:/Documents/Work/Helsinki_Internship/Code/perceptual_
attention_learning/reinforcement_learning/plots/param_comparison/crwck_plus_pre
_param_comparison.png  used on input line 456.
(pdftex.def)             Requested size: 384.48216pt x 232.54425pt.
<D:/Documents/Work/Helsinki_Internship/Code/perceptual_attention_learning/reinf
orcement_learning/plots/correlation/correlation_matrices/crwck_plus_pre_correla
tion.png, id=457, 790.152pt x 723.4227pt>
File: D:/Documents/Work/Helsinki_Internship/Code/perceptual_attention_learning/
reinforcement_learning/plots/correlation/correlation_matrices/crwck_plus_pre_co
rrelation.png Graphic file (type png)
<use D:/Documents/Work/Helsinki_Internship/Code/perceptual_attention_learning/r
einforcement_learning/plots/correlation/correlation_matrices/crwck_plus_pre_cor
relation.png>
Package pdftex.def Info: D:/Documents/Work/Helsinki_Internship/Code/perceptual_
attention_learning/reinforcement_learning/plots/correlation/correlation_matrice
s/crwck_plus_pre_correlation.png  used on input line 464.
(pdftex.def)             Requested size: 197.5375pt x 180.85522pt.


[22 <D:/Documents/Work/Helsinki_Internship/Code/perceptual_attention_learning/r
einforcement_learning/plots/param_comparison/crwck_plus_pre_param_comparison.pn
g> <D:/Documents/Work/Helsinki_Internship/Code/perceptual_attention_learning/re
inforcement_learning/plots/correlation/correlation_matrices/crwck_plus_pre_corr
elation.png>]
File: D:/Documents/Work/Helsinki_Internship/Code/perceptual_attention_learning/
reinforcement_learning/plots/param_comparison/crwck_plus_param_comparison.png G
raphic file (type png)
<use D:/Documents/Work/Helsinki_Internship/Code/perceptual_attention_learning/r
einforcement_learning/plots/param_comparison/crwck_plus_param_comparison.png>
Package pdftex.def Info: D:/Documents/Work/Helsinki_Internship/Code/perceptual_
attention_learning/reinforcement_learning/plots/param_comparison/crwck_plus_par
am_comparison.png  used on input line 474.
(pdftex.def)             Requested size: 384.48216pt x 232.54425pt.


[23

]
<D:/Documents/Work/Helsinki_Internship/Code/perceptual_attention_learning/reinf
orcement_learning/plots/order_effects_comp_first/rr_param_comparison.png, id=47
2, 1098.504pt x 664.6431pt>
File: D:/Documents/Work/Helsinki_Internship/Code/perceptual_attention_learning/
reinforcement_learning/plots/order_effects_comp_first/rr_param_comparison.png G
raphic file (type png)
<use D:/Documents/Work/Helsinki_Internship/Code/perceptual_attention_learning/r
einforcement_learning/plots/order_effects_comp_first/rr_param_comparison.png>
Package pdftex.def Info: D:/Documents/Work/Helsinki_Internship/Code/perceptual_
attention_learning/reinforcement_learning/plots/order_effects_comp_first/rr_par
am_comparison.png  used on input line 484.
(pdftex.def)             Requested size: 439.39381pt x 265.85252pt.
<D:/Documents/Work/Helsinki_Internship/Code/perceptual_attention_learning/reinf
orcement_learning/plots/order_effects_comp_first/crr_param_comparison.png, id=4
73, 1098.504pt x 664.6431pt>
File: D:/Documents/Work/Helsinki_Internship/Code/perceptual_attention_learning/
reinforcement_learning/plots/order_effects_comp_first/crr_param_comparison.png 
Graphic file (type png)
<use D:/Documents/Work/Helsinki_Internship/Code/perceptual_attention_learning/r
einforcement_learning/plots/order_effects_comp_first/crr_param_comparison.png>
Package pdftex.def Info: D:/Documents/Work/Helsinki_Internship/Code/perceptual_
attention_learning/reinforcement_learning/plots/order_effects_comp_first/crr_pa
ram_comparison.png  used on input line 491.
(pdftex.def)             Requested size: 439.39381pt x 265.85252pt.


LaTeX Warning: `h' float specifier changed to `ht'.

<D:/Documents/Work/Helsinki_Internship/Code/perceptual_attention_learning/reinf
orcement_learning/plots/order_effects_comp_first/wsls_param_comparison.png, id=
474, 1098.504pt x 664.6431pt>
File: D:/Documents/Work/Helsinki_Internship/Code/perceptual_attention_learning/
reinforcement_learning/plots/order_effects_comp_first/wsls_param_comparison.png
 Graphic file (type png)
<use D:/Documents/Work/Helsinki_Internship/Code/perceptual_attention_learning/r
einforcement_learning/plots/order_effects_comp_first/wsls_param_comparison.png>

Package pdftex.def Info: D:/Documents/Work/Helsinki_Internship/Code/perceptual_
attention_learning/reinforcement_learning/plots/order_effects_comp_first/wsls_p
aram_comparison.png  used on input line 498.
(pdftex.def)             Requested size: 439.39381pt x 265.85252pt.

LaTeX Warning: `h' float specifier changed to `ht'.

<D:/Documents/Work/Helsinki_Internship/Code/perceptual_attention_learning/reinf
orcement_learning/plots/order_effects_comp_first/rw_param_comparison.png, id=47
5, 1098.504pt x 664.6431pt>
File: D:/Documents/Work/Helsinki_Internship/Code/perceptual_attention_learning/
reinforcement_learning/plots/order_effects_comp_first/rw_param_comparison.png G
raphic file (type png)
<use D:/Documents/Work/Helsinki_Internship/Code/perceptual_attention_learning/r
einforcement_learning/plots/order_effects_comp_first/rw_param_comparison.png>
Package pdftex.def Info: D:/Documents/Work/Helsinki_Internship/Code/perceptual_
attention_learning/reinforcement_learning/plots/order_effects_comp_first/rw_par
am_comparison.png  used on input line 505.
(pdftex.def)             Requested size: 439.39381pt x 265.85252pt.

LaTeX Warning: `h' float specifier changed to `ht'.

<D:/Documents/Work/Helsinki_Internship/Code/perceptual_attention_learning/reinf
orcement_learning/plots/order_effects_comp_first/crw_param_comparison.png, id=4
76, 1098.504pt x 664.6431pt>
File: D:/Documents/Work/Helsinki_Internship/Code/perceptual_attention_learning/
reinforcement_learning/plots/order_effects_comp_first/crw_param_comparison.png 
Graphic file (type png)
<use D:/Documents/Work/Helsinki_Internship/Code/perceptual_attention_learning/r
einforcement_learning/plots/order_effects_comp_first/crw_param_comparison.png>
Package pdftex.def Info: D:/Documents/Work/Helsinki_Internship/Code/perceptual_
attention_learning/reinforcement_learning/plots/order_effects_comp_first/crw_pa
ram_comparison.png  used on input line 512.
(pdftex.def)             Requested size: 439.39381pt x 265.85252pt.

LaTeX Warning: `h' float specifier changed to `ht'.

<D:/Documents/Work/Helsinki_Internship/Code/perceptual_attention_learning/reinf
orcement_learning/plots/order_effects_comp_first/ck_param_comparison.png, id=47
7, 1098.504pt x 664.6431pt>
File: D:/Documents/Work/Helsinki_Internship/Code/perceptual_attention_learning/
reinforcement_learning/plots/order_effects_comp_first/ck_param_comparison.png G
raphic file (type png)
<use D:/Documents/Work/Helsinki_Internship/Code/perceptual_attention_learning/r
einforcement_learning/plots/order_effects_comp_first/ck_param_comparison.png>
Package pdftex.def Info: D:/Documents/Work/Helsinki_Internship/Code/perceptual_
attention_learning/reinforcement_learning/plots/order_effects_comp_first/ck_par
am_comparison.png  used on input line 519.
(pdftex.def)             Requested size: 439.39381pt x 265.85252pt.

LaTeX Warning: `h' float specifier changed to `ht'.

<D:/Documents/Work/Helsinki_Internship/Code/perceptual_attention_learning/reinf
orcement_learning/plots/order_effects_comp_first/crwck_param_comparison.png, id
=478, 1098.504pt x 664.6431pt>
File: D:/Documents/Work/Helsinki_Internship/Code/perceptual_attention_learning/
reinforcement_learning/plots/order_effects_comp_first/crwck_param_comparison.pn
g Graphic file (type png)
<use D:/Documents/Work/Helsinki_Internship/Code/perceptual_attention_learning/r
einforcement_learning/plots/order_effects_comp_first/crwck_param_comparison.png
>
Package pdftex.def Info: D:/Documents/Work/Helsinki_Internship/Code/perceptual_
attention_learning/reinforcement_learning/plots/order_effects_comp_first/crwck_
param_comparison.png  used on input line 526.
(pdftex.def)             Requested size: 439.39381pt x 265.85252pt.

LaTeX Warning: `h' float specifier changed to `ht'.

<D:/Documents/Work/Helsinki_Internship/Code/perceptual_attention_learning/reinf
orcement_learning/plots/order_effects_comp_first/crwcksa_param_comparison.png, 
id=479, 1098.504pt x 664.6431pt>
File: D:/Documents/Work/Helsinki_Internship/Code/perceptual_attention_learning/
reinforcement_learning/plots/order_effects_comp_first/crwcksa_param_comparison.
png Graphic file (type png)
<use D:/Documents/Work/Helsinki_Internship/Code/perceptual_attention_learning/r
einforcement_learning/plots/order_effects_comp_first/crwcksa_param_comparison.p
ng>
Package pdftex.def Info: D:/Documents/Work/Helsinki_Internship/Code/perceptual_
attention_learning/reinforcement_learning/plots/order_effects_comp_first/crwcks
a_param_comparison.png  used on input line 533.
(pdftex.def)             Requested size: 439.39381pt x 265.85252pt.

LaTeX Warning: `h' float specifier changed to `ht'.

<D:/Documents/Work/Helsinki_Internship/Code/perceptual_attention_learning/reinf
orcement_learning/plots/order_effects_comp_first/crwcknb_param_comparison.png, 
id=480, 1098.504pt x 664.6431pt>
File: D:/Documents/Work/Helsinki_Internship/Code/perceptual_attention_learning/
reinforcement_learning/plots/order_effects_comp_first/crwcknb_param_comparison.
png Graphic file (type png)
<use D:/Documents/Work/Helsinki_Internship/Code/perceptual_attention_learning/r
einforcement_learning/plots/order_effects_comp_first/crwcknb_param_comparison.p
ng>
Package pdftex.def Info: D:/Documents/Work/Helsinki_Internship/Code/perceptual_
attention_learning/reinforcement_learning/plots/order_effects_comp_first/crwckn
b_param_comparison.png  used on input line 540.
(pdftex.def)             Requested size: 439.39381pt x 265.85252pt.

LaTeX Warning: `h' float specifier changed to `ht'.

<D:/Documents/Work/Helsinki_Internship/Code/perceptual_attention_learning/reinf
orcement_learning/plots/order_effects_comp_first/crwck_all_param_comparison.png
, id=481, 1098.504pt x 664.6431pt>
File: D:/Documents/Work/Helsinki_Internship/Code/perceptual_attention_learning/
reinforcement_learning/plots/order_effects_comp_first/crwck_all_param_compariso
n.png Graphic file (type png)
<use D:/Documents/Work/Helsinki_Internship/Code/perceptual_attention_learning/r
einforcement_learning/plots/order_effects_comp_first/crwck_all_param_comparison
.png>
Package pdftex.def Info: D:/Documents/Work/Helsinki_Internship/Code/perceptual_
attention_learning/reinforcement_learning/plots/order_effects_comp_first/crwck_
all_param_comparison.png  used on input line 547.
(pdftex.def)             Requested size: 439.39381pt x 265.85252pt.

LaTeX Warning: `h' float specifier changed to `ht'.

<D:/Documents/Work/Helsinki_Internship/Code/perceptual_attention_learning/reinf
orcement_learning/plots/order_effects_comp_first/crwck_pre_param_comparison.png
, id=482, 1098.504pt x 664.6431pt>
File: D:/Documents/Work/Helsinki_Internship/Code/perceptual_attention_learning/
reinforcement_learning/plots/order_effects_comp_first/crwck_pre_param_compariso
n.png Graphic file (type png)
<use D:/Documents/Work/Helsinki_Internship/Code/perceptual_attention_learning/r
einforcement_learning/plots/order_effects_comp_first/crwck_pre_param_comparison
.png>
Package pdftex.def Info: D:/Documents/Work/Helsinki_Internship/Code/perceptual_
attention_learning/reinforcement_learning/plots/order_effects_comp_first/crwck_
pre_param_comparison.png  used on input line 554.
(pdftex.def)             Requested size: 439.39381pt x 265.85252pt.

LaTeX Warning: `h' float specifier changed to `ht'.

<D:/Documents/Work/Helsinki_Internship/Code/perceptual_attention_learning/reinf
orcement_learning/plots/order_effects_comp_first/crwck_init_param_comparison.pn
g, id=483, 1098.504pt x 664.6431pt>
File: D:/Documents/Work/Helsinki_Internship/Code/perceptual_attention_learning/
reinforcement_learning/plots/order_effects_comp_first/crwck_init_param_comparis
on.png Graphic file (type png)
<use D:/Documents/Work/Helsinki_Internship/Code/perceptual_attention_learning/r
einforcement_learning/plots/order_effects_comp_first/crwck_init_param_compariso
n.png>
Package pdftex.def Info: D:/Documents/Work/Helsinki_Internship/Code/perceptual_
attention_learning/reinforcement_learning/plots/order_effects_comp_first/crwck_
init_param_comparison.png  used on input line 562.
(pdftex.def)             Requested size: 439.39381pt x 265.85252pt.

LaTeX Warning: `h' float specifier changed to `ht'.

<D:/Documents/Work/Helsinki_Internship/Code/perceptual_attention_learning/reinf
orcement_learning/plots/order_effects_comp_first/crwck_plus_param_comparison.pn
g, id=484, 1098.504pt x 664.6431pt>
File: D:/Documents/Work/Helsinki_Internship/Code/perceptual_attention_learning/
reinforcement_learning/plots/order_effects_comp_first/crwck_plus_param_comparis
on.png Graphic file (type png)
<use D:/Documents/Work/Helsinki_Internship/Code/perceptual_attention_learning/r
einforcement_learning/plots/order_effects_comp_first/crwck_plus_param_compariso
n.png>
Package pdftex.def Info: D:/Documents/Work/Helsinki_Internship/Code/perceptual_
attention_learning/reinforcement_learning/plots/order_effects_comp_first/crwck_
plus_param_comparison.png  used on input line 569.
(pdftex.def)             Requested size: 439.39381pt x 265.85252pt.

LaTeX Warning: `h' float specifier changed to `ht'.

<D:/Documents/Work/Helsinki_Internship/Code/perceptual_attention_learning/reinf
orcement_learning/plots/order_effects_comp_first/crwcksa_plus_param_comparison.
png, id=485, 1098.504pt x 664.6431pt>
File: D:/Documents/Work/Helsinki_Internship/Code/perceptual_attention_learning/
reinforcement_learning/plots/order_effects_comp_first/crwcksa_plus_param_compar
ison.png Graphic file (type png)
<use D:/Documents/Work/Helsinki_Internship/Code/perceptual_attention_learning/r
einforcement_learning/plots/order_effects_comp_first/crwcksa_plus_param_compari
son.png>
Package pdftex.def Info: D:/Documents/Work/Helsinki_Internship/Code/perceptual_
attention_learning/reinforcement_learning/plots/order_effects_comp_first/crwcks
a_plus_param_comparison.png  used on input line 576.
(pdftex.def)             Requested size: 439.39381pt x 265.85252pt.

LaTeX Warning: `h' float specifier changed to `ht'.

<D:/Documents/Work/Helsinki_Internship/Code/perceptual_attention_learning/reinf
orcement_learning/plots/order_effects_comp_first/crwck_plus_pre_param_compariso
n.png, id=486, 1098.504pt x 664.6431pt>
File: D:/Documents/Work/Helsinki_Internship/Code/perceptual_attention_learning/
reinforcement_learning/plots/order_effects_comp_first/crwck_plus_pre_param_comp
arison.png Graphic file (type png)
<use D:/Documents/Work/Helsinki_Internship/Code/perceptual_attention_learning/r
einforcement_learning/plots/order_effects_comp_first/crwck_plus_pre_param_compa
rison.png>
Package pdftex.def Info: D:/Documents/Work/Helsinki_Internship/Code/perceptual_
attention_learning/reinforcement_learning/plots/order_effects_comp_first/crwck_
plus_pre_param_comparison.png  used on input line 583.
(pdftex.def)             Requested size: 439.39381pt x 265.85252pt.

LaTeX Warning: `h' float specifier changed to `ht'.

<D:/Documents/Work/Helsinki_Internship/Code/perceptual_attention_learning/reinf
orcement_learning/plots/order_effects_comp_first/crwck_plus_init_param_comparis
on.png, id=487, 1098.504pt x 664.6431pt>
File: D:/Documents/Work/Helsinki_Internship/Code/perceptual_attention_learning/
reinforcement_learning/plots/order_effects_comp_first/crwck_plus_init_param_com
parison.png Graphic file (type png)
<use D:/Documents/Work/Helsinki_Internship/Code/perceptual_attention_learning/r
einforcement_learning/plots/order_effects_comp_first/crwck_plus_init_param_comp
arison.png>
Package pdftex.def Info: D:/Documents/Work/Helsinki_Internship/Code/perceptual_
attention_learning/reinforcement_learning/plots/order_effects_comp_first/crwck_
plus_init_param_comparison.png  used on input line 590.
(pdftex.def)             Requested size: 439.39381pt x 265.85252pt.

LaTeX Warning: `h' float specifier changed to `ht'.



[24 <D:/Documents/Work/Helsinki_Internship/Code/perceptual_attention_learning/r
einforcement_learning/plots/order_effects_comp_first/rr_param_comparison.png>]

[25 <D:/Documents/Work/Helsinki_Internship/Code/perceptual_attention_learning/r
einforcement_learning/plots/order_effects_comp_first/crr_param_comparison.png> 
<D:/Documents/Work/Helsinki_Internship/Code/perceptual_attention_learning/reinf
orcement_learning/plots/order_effects_comp_first/wsls_param_comparison.png>]

[26 <D:/Documents/Work/Helsinki_Internship/Code/perceptual_attention_learning/r
einforcement_learning/plots/order_effects_comp_first/rw_param_comparison.png> <
D:/Documents/Work/Helsinki_Internship/Code/perceptual_attention_learning/reinfo
rcement_learning/plots/order_effects_comp_first/crw_param_comparison.png>]

[27 <D:/Documents/Work/Helsinki_Internship/Code/perceptual_attention_learning/r
einforcement_learning/plots/order_effects_comp_first/ck_param_comparison.png> <
D:/Documents/Work/Helsinki_Internship/Code/perceptual_attention_learning/reinfo
rcement_learning/plots/order_effects_comp_first/crwck_param_comparison.png>]

[28 <D:/Documents/Work/Helsinki_Internship/Code/perceptual_attention_learning/r
einforcement_learning/plots/order_effects_comp_first/crwcksa_param_comparison.p
ng> <D:/Documents/Work/Helsinki_Internship/Code/perceptual_attention_learning/r
einforcement_learning/plots/order_effects_comp_first/crwcknb_param_comparison.p
ng>]

[29 <D:/Documents/Work/Helsinki_Internship/Code/perceptual_attention_learning/r
einforcement_learning/plots/order_effects_comp_first/crwck_all_param_comparison
.png> <D:/Documents/Work/Helsinki_Internship/Code/perceptual_attention_learning
/reinforcement_learning/plots/order_effects_comp_first/crwck_pre_param_comparis
on.png>]

[30 <D:/Documents/Work/Helsinki_Internship/Code/perceptual_attention_learning/r
einforcement_learning/plots/order_effects_comp_first/crwck_init_param_compariso
n.png> <D:/Documents/Work/Helsinki_Internship/Code/perceptual_attention_learnin
g/reinforcement_learning/plots/order_effects_comp_first/crwck_plus_param_compar
ison.png>]

[31 <D:/Documents/Work/Helsinki_Internship/Code/perceptual_attention_learning/r
einforcement_learning/plots/order_effects_comp_first/crwcksa_plus_param_compari
son.png> <D:/Documents/Work/Helsinki_Internship/Code/perceptual_attention_learn
ing/reinforcement_learning/plots/order_effects_comp_first/crwck_plus_pre_param_
comparison.png>]

[32 <D:/Documents/Work/Helsinki_Internship/Code/perceptual_attention_learning/r
einforcement_learning/plots/order_effects_comp_first/crwck_plus_init_param_comp
arison.png>]
<D:/Documents/Work/Helsinki_Internship/Code/perceptual_attention_learning/reinf
orcement_learning/plots/sim_vs_reality/crwcksa_plus/crwcksa_plus_Easy_422.0_las
t_sim_vs_reality.png, id=557, 1438.173pt x 714.5094pt>
File: D:/Documents/Work/Helsinki_Internship/Code/perceptual_attention_learning/
reinforcement_learning/plots/sim_vs_reality/crwcksa_plus/crwcksa_plus_Easy_422.
0_last_sim_vs_reality.png Graphic file (type png)
<use D:/Documents/Work/Helsinki_Internship/Code/perceptual_attention_learning/r
einforcement_learning/plots/sim_vs_reality/crwcksa_plus/crwcksa_plus_Easy_422.0
_last_sim_vs_reality.png>
Package pdftex.def Info: D:/Documents/Work/Helsinki_Internship/Code/perceptual_
attention_learning/reinforcement_learning/plots/sim_vs_reality/crwcksa_plus/crw
cksa_plus_Easy_422.0_last_sim_vs_reality.png  used on input line 602.
(pdftex.def)             Requested size: 503.3681pt x 250.08203pt.
<D:/Documents/Work/Helsinki_Internship/Code/perceptual_attention_learning/reinf
orcement_learning/plots/sim_vs_reality/crwcksa_plus/crwcksa_plus_Hard_422.0_las
t_sim_vs_reality.png, id=558, 1438.173pt x 714.5094pt>
File: D:/Documents/Work/Helsinki_Internship/Code/perceptual_attention_learning/
reinforcement_learning/plots/sim_vs_reality/crwcksa_plus/crwcksa_plus_Hard_422.
0_last_sim_vs_reality.png Graphic file (type png)
<use D:/Documents/Work/Helsinki_Internship/Code/perceptual_attention_learning/r
einforcement_learning/plots/sim_vs_reality/crwcksa_plus/crwcksa_plus_Hard_422.0
_last_sim_vs_reality.png>
Package pdftex.def Info: D:/Documents/Work/Helsinki_Internship/Code/perceptual_
attention_learning/reinforcement_learning/plots/sim_vs_reality/crwcksa_plus/crw
cksa_plus_Hard_422.0_last_sim_vs_reality.png  used on input line 609.
(pdftex.def)             Requested size: 503.3681pt x 250.08203pt.


LaTeX Warning: `h' float specifier changed to `ht'.

<D:/Documents/Work/Helsinki_Internship/Code/perceptual_attention_learning/reinf
orcement_learning/plots/sim_vs_reality/crwcksa_plus/crwcksa_plus_Easy_4151.0_la
st_sim_vs_reality.png, id=559, 1438.173pt x 714.5094pt>
File: D:/Documents/Work/Helsinki_Internship/Code/perceptual_attention_learning/
reinforcement_learning/plots/sim_vs_reality/crwcksa_plus/crwcksa_plus_Easy_4151
.0_last_sim_vs_reality.png Graphic file (type png)
<use D:/Documents/Work/Helsinki_Internship/Code/perceptual_attention_learning/r
einforcement_learning/plots/sim_vs_reality/crwcksa_plus/crwcksa_plus_Easy_4151.
0_last_sim_vs_reality.png>
Package pdftex.def Info: D:/Documents/Work/Helsinki_Internship/Code/perceptual_
attention_learning/reinforcement_learning/plots/sim_vs_reality/crwcksa_plus/crw
cksa_plus_Easy_4151.0_last_sim_vs_reality.png  used on input line 616.
(pdftex.def)             Requested size: 503.3681pt x 250.08203pt.

LaTeX Warning: `h' float specifier changed to `ht'.

<D:/Documents/Work/Helsinki_Internship/Code/perceptual_attention_learning/reinf
orcement_learning/plots/sim_vs_reality/crwcksa_plus/crwcksa_plus_Hard_4151.0_la
st_sim_vs_reality.png, id=560, 1438.173pt x 714.5094pt>
File: D:/Documents/Work/Helsinki_Internship/Code/perceptual_attention_learning/
reinforcement_learning/plots/sim_vs_reality/crwcksa_plus/crwcksa_plus_Hard_4151
.0_last_sim_vs_reality.png Graphic file (type png)
<use D:/Documents/Work/Helsinki_Internship/Code/perceptual_attention_learning/r
einforcement_learning/plots/sim_vs_reality/crwcksa_plus/crwcksa_plus_Hard_4151.
0_last_sim_vs_reality.png>
Package pdftex.def Info: D:/Documents/Work/Helsinki_Internship/Code/perceptual_
attention_learning/reinforcement_learning/plots/sim_vs_reality/crwcksa_plus/crw
cksa_plus_Hard_4151.0_last_sim_vs_reality.png  used on input line 623.
(pdftex.def)             Requested size: 503.3681pt x 250.08203pt.

LaTeX Warning: `h' float specifier changed to `ht'.

<D:/Documents/Work/Helsinki_Internship/Code/perceptual_attention_learning/reinf
orcement_learning/plots/sim_vs_reality/crwcksa_plus/crwcksa_plus_Easy_5091.0_la
st_sim_vs_reality.png, id=561, 1438.173pt x 714.5094pt>
File: D:/Documents/Work/Helsinki_Internship/Code/perceptual_attention_learning/
reinforcement_learning/plots/sim_vs_reality/crwcksa_plus/crwcksa_plus_Easy_5091
.0_last_sim_vs_reality.png Graphic file (type png)
<use D:/Documents/Work/Helsinki_Internship/Code/perceptual_attention_learning/r
einforcement_learning/plots/sim_vs_reality/crwcksa_plus/crwcksa_plus_Easy_5091.
0_last_sim_vs_reality.png>
Package pdftex.def Info: D:/Documents/Work/Helsinki_Internship/Code/perceptual_
attention_learning/reinforcement_learning/plots/sim_vs_reality/crwcksa_plus/crw
cksa_plus_Easy_5091.0_last_sim_vs_reality.png  used on input line 629.
(pdftex.def)             Requested size: 503.3681pt x 250.08203pt.

LaTeX Warning: `h' float specifier changed to `ht'.

<D:/Documents/Work/Helsinki_Internship/Code/perceptual_attention_learning/reinf
orcement_learning/plots/sim_vs_reality/crwcksa_plus/crwcksa_plus_Hard_5091.0_la
st_sim_vs_reality.png, id=562, 1438.173pt x 714.5094pt>
File: D:/Documents/Work/Helsinki_Internship/Code/perceptual_attention_learning/
reinforcement_learning/plots/sim_vs_reality/crwcksa_plus/crwcksa_plus_Hard_5091
.0_last_sim_vs_reality.png Graphic file (type png)
<use D:/Documents/Work/Helsinki_Internship/Code/perceptual_attention_learning/r
einforcement_learning/plots/sim_vs_reality/crwcksa_plus/crwcksa_plus_Hard_5091.
0_last_sim_vs_reality.png>
Package pdftex.def Info: D:/Documents/Work/Helsinki_Internship/Code/perceptual_
attention_learning/reinforcement_learning/plots/sim_vs_reality/crwcksa_plus/crw
cksa_plus_Hard_5091.0_last_sim_vs_reality.png  used on input line 636.
(pdftex.def)             Requested size: 503.3681pt x 250.08203pt.

LaTeX Warning: `h' float specifier changed to `ht'.



[33

 <D:/Documents/Work/Helsinki_Internship/Code/perceptual_attention_learning/rein
forcement_learning/plots/sim_vs_reality/crwcksa_plus/crwcksa_plus_Easy_422.0_la
st_sim_vs_reality.png>]

[34 <D:/Documents/Work/Helsinki_Internship/Code/perceptual_attention_learning/r
einforcement_learning/plots/sim_vs_reality/crwcksa_plus/crwcksa_plus_Hard_422.0
_last_sim_vs_reality.png> <D:/Documents/Work/Helsinki_Internship/Code/perceptua
l_attention_learning/reinforcement_learning/plots/sim_vs_reality/crwcksa_plus/c
rwcksa_plus_Easy_4151.0_last_sim_vs_reality.png>]

[35 <D:/Documents/Work/Helsinki_Internship/Code/perceptual_attention_learning/r
einforcement_learning/plots/sim_vs_reality/crwcksa_plus/crwcksa_plus_Hard_4151.
0_last_sim_vs_reality.png> <D:/Documents/Work/Helsinki_Internship/Code/perceptu
al_attention_learning/reinforcement_learning/plots/sim_vs_reality/crwcksa_plus/
crwcksa_plus_Easy_5091.0_last_sim_vs_reality.png>]

[36 <D:/Documents/Work/Helsinki_Internship/Code/perceptual_attention_learning/r
einforcement_learning/plots/sim_vs_reality/crwcksa_plus/crwcksa_plus_Hard_5091.
0_last_sim_vs_reality.png>]
Underfull \hbox (badness 10000) in paragraph at lines 644--651

 []


Underfull \hbox (badness 10000) in paragraph at lines 644--651

 []


Underfull \hbox (badness 10000) in paragraph at lines 644--651

 []



[37

]

[38

] (Modelling_write_up.aux)
 ***********
LaTeX2e <2024-06-01> patch level 2
L3 programming layer <2024-08-30>
 ***********


LaTeX Warning: There were undefined references.

Package rerunfilecheck Info: File `Modelling_write_up.out' has not changed.
(rerunfilecheck)             Checksum: 9CE43DAC860EA47038883799B038FD5C;16482.

Package biblatex Warning: Please (re)run Biber on the file:
(biblatex)                Modelling_write_up
(biblatex)                and rerun LaTeX afterwards.

Package logreq Info: Writing requests to 'Modelling_write_up.run.xml'.
\openout1 = `Modelling_write_up.run.xml'.

 ) 
Here is how much of TeX's memory you used:
 20971 strings out of 473898
 409532 string characters out of 5726950
 1193372 words of memory out of 5000000
 43458 multiletter control sequences out of 15000+600000
 565955 words of font info for 65 fonts, out of 8000000 for 9000
 1141 hyphenation exceptions out of 8191
 75i,16n,81p,1264b,1310s stack positions out of 10000i,1000n,20000p,200000b,200000s
<C:/Users/Nick/AppData/Local/Programs/MiKTeX/fonts/type1/public/amsfonts/cm/c
mbx12.pfb><C:/Users/Nick/AppData/Local/Programs/MiKTeX/fonts/type1/public/amsfo
nts/cm/cmcsc10.pfb><C:/Users/Nick/AppData/Local/Programs/MiKTeX/fonts/type1/pub
lic/amsfonts/cm/cmex10.pfb><C:/Users/Nick/AppData/Local/Programs/MiKTeX/fonts/t
ype1/public/amsfonts/cm/cmmi12.pfb><C:/Users/Nick/AppData/Local/Programs/MiKTeX
/fonts/type1/public/amsfonts/cm/cmmi6.pfb><C:/Users/Nick/AppData/Local/Programs
/MiKTeX/fonts/type1/public/amsfonts/cm/cmmi8.pfb><C:/Users/Nick/AppData/Local/P
rograms/MiKTeX/fonts/type1/public/amsfonts/cm/cmr12.pfb><C:/Users/Nick/AppData/
Local/Programs/MiKTeX/fonts/type1/public/amsfonts/cm/cmr8.pfb><C:/Users/Nick/Ap
pData/Local/Programs/MiKTeX/fonts/type1/public/amsfonts/cm/cmsy10.pfb><C:/Users
/Nick/AppData/Local/Programs/MiKTeX/fonts/type1/public/amsfonts/cm/cmsy8.pfb><C
:/Users/Nick/AppData/Local/Programs/MiKTeX/fonts/type1/public/amsfonts/cm/cmti1
2.pfb><C:/Users/Nick/AppData/Local/Programs/MiKTeX/fonts/type1/public/amsfonts/
cm/cmtt12.pfb>
Output written on Modelling_write_up.pdf (40 pages, 24202103 bytes).
PDF statistics:
 696 PDF objects out of 1000 (max. 8388607)
 167 named destinations out of 1000 (max. 500000)
 621 words of extra memory for PDF output out of 10000 (max. 10000000)

